6.388565
12.379995
14.092947
9.307172
9.573044
8.169121
7.775454
4.523169
7.127288
14.696146
14.176298
15.393335
9.842466
8.016199
6.256380
10.336658
7.421727
8.068184
12.677511
10.518171
12.708841
8.408182
7.448193
9.868933
8.272502
11.283880
12.637154
7.651156
6.490601
16.636609
8.371581
11.396125
14.118318
8.662413
11.354685
7.593081
5.419975
10.276145
10.587619
11.461395
6.026252
14.404004
9.014928
8.305727
13.996269
7.011856
11.927215
9.832498
14.153167
12.781100
14.521749
13.747696
8.809299
4.163529
15.315611
6.380000
3.924199
9.273236
10.758321
14.772773
10.024600
9.415360
6.783829
10.948474
11.528271
11.354161
8.292856
6.104236
4.201563
12.583099
11.491256
12.115951
8.651868
10.011235
11.999638
13.160170
9.073328
15.970315
10.703248
12.205912
4.938118
7.261619
12.843123
7.789613
6.333846
3.760121
6.288029
13.334806
11.060877
8.570302
7.085498
12.066694
12.653648
6.090609
10.083656
16.940812
10.974684
6.967404
5.760558
13.037477
11.594454
17.465465
8.671117
12.547215
9.329291
11.102610
6.253535
9.938324
11.729145
14.520539
9.293731
10.175395
11.018157
5.438773
10.199936
10.676974
10.752707
12.124824
12.264937
6.977981
14.815678
15.085595
10.571242
6.879207
17.396865
8.580019
8.678895
10.744117
11.925549
10.987120
5.599306
13.510296
14.012818
12.587355
10.188088
11.292959
10.450730
9.017343
9.463433
6.641417
10.310734
2.929349
10.402318
12.242427
8.772607
8.302785
11.894431
9.903285
9.807629
7.433055
8.973626
9.338344
11.501748
15.026663
11.531153
10.250750
11.029419
9.216984
13.236753
8.314623
11.409967
12.515027
10.028112
12.594369
7.510945
10.209431
4.245809
11.348839
15.241075
6.768301
11.061927
10.264123
8.965071
7.474444
8.902692
12.805335
14.368708
10.741698
9.587398
16.938464
10.675469
3.331477
5.708137
12.133511
13.554541
15.149812
8.763142
14.612489
11.736045
16.386001
7.553837
8.020309
7.249313
7.823280
11.044839
10.206201
9.186742
8.800840
4.762291
9.895788
9.719692
6.967858
9.729931
7.290158
3.656129
7.263516
9.377709
15.161623
6.391748
10.186914
-0.556788
15.394848
8.552142
8.225276
5.340856
10.402800
5.562509
10.183539
7.480061
11.435409
10.929378
15.463347
13.213314
13.123075
10.100527
7.200103
10.737479
4.201689
3.859935
10.281679
9.863827
12.619408
8.145137
10.241098
15.954902
9.522090
2.346266
5.274067
11.924995
8.202281
7.854454
16.981850
14.617422
6.708361
7.735675
15.783481
14.820873
10.712093
10.511444
9.977573
3.659050
8.205338
7.892507
10.793584
7.203590
9.379884
6.292111
8.982745
10.941941
13.321233
8.712176
14.528617
10.178373
13.854032
8.504153
16.517960
8.637277
6.385527
10.316847
10.216134
14.094288
13.634511
5.336534
12.378501
6.678408
13.909726
11.138817
12.888905
10.207918
7.852624
7.182219
11.299111
13.742768
12.913695
14.135081
6.599302
7.321596
11.440606
14.911868
7.927038
7.862430
12.688728
5.780900
10.895278
8.598291
10.476385
11.371831
11.432582
15.779276
9.127649
12.797760
6.250806
12.903213
5.070444
7.572397
11.263873
10.048413
11.171677
9.431537
6.584512
7.106659
7.314014
9.109163
14.700934
8.601010
13.492549
6.243699
5.955937
4.275857
9.350887
12.670415
10.433523
12.961428
13.866023
7.179209
11.510963
10.056797
14.384775
13.498868
10.944899
15.572946
7.620351
7.163241
7.841165
11.847978
12.007995
12.927858
9.306852
11.440125
5.978717
9.053913
10.037121
5.912603
6.676411
6.970516
12.307850
12.218041
8.568939
10.099296
9.701388
6.953217
9.067987
7.207804
10.436168
4.649597
4.538702
7.818977
10.801748
8.295029
6.059824
7.892666
4.911090
7.654845
13.100168
13.908592
9.062019
9.364905
6.716858
13.719135
5.540544
8.948319
8.964179
4.344718
14.215294
7.737667
16.327409
10.814136
12.487634
3.076808
10.399392
10.645376
7.667371
10.409834
11.644934
6.777317
11.238412
10.491999
9.941095
13.851970
8.859361
4.449237
9.261761
14.356888
13.421949
9.112210
10.481031
4.383112
12.068169
12.381090
9.186693
9.148195
8.215088
9.228917
9.022302
7.720179
3.546713
2.814601
10.964580
7.543551
8.991443
12.049262
8.861583
10.485600
10.668857
11.519489
13.333824
6.879616
16.824322
12.284792
11.429784
-0.092320
8.228564
6.736706
8.820416
13.395132
5.541577
9.497007
10.358223
14.222965
14.851444
9.781007
7.747951
8.390121
6.055425
9.121657
10.703206
5.362370
13.850346
15.453835
13.552386
14.407092
8.693968
14.726695
11.343644
15.632270
13.625819
11.685411
11.347158
12.606129
8.898141
16.386616
7.933821
11.149386
11.931770
11.927599
8.256767
9.576476
9.308020
13.610302
10.567551
13.116964
5.293118
4.545117
9.164230
11.581070
5.154885
15.043499
7.899035
6.422886
13.169578
6.085460
8.499866
14.156907
7.648702
8.466496
12.756147
8.299525
10.380816
9.248129
7.411928
8.784481
9.484770
10.159956
6.742091
18.886761
10.082565
8.470316
7.296945
8.219338
17.863677
12.907304
13.898955
15.061595
9.694875
13.812429
5.214922
10.132795
7.183113
10.206955
8.435068
8.271718
4.621237
3.989729
8.958817
9.818835
11.898216
10.617375
8.332557
12.919635
7.224201
11.958106
11.615464
9.725612
9.693262
12.069527
4.164353
10.455828
8.479351
10.074675
10.050222
17.234454
11.945263
9.576613
0.486477
12.895240
15.274019
13.181621
10.531342
13.705143
9.082332
5.802297
19.213264
15.719910
7.530184
9.621851
8.235856
17.163044
12.695263
6.623929
5.832754
8.713264
5.878697
9.463250
12.816137
9.247661
10.306147
14.980198
12.816467
5.089229
7.452327
12.147264
10.138936
14.117591
6.790200
8.059649
9.109394
10.133694
8.790805
11.202179
6.198364
10.334891
6.940485
16.095626
5.012161
13.845678
10.376383
8.884342
6.978187
14.968895
11.734088
8.805140
10.563116
10.544252
6.344564
9.090681
5.348584
11.473593
8.329474
13.392376
6.958637
9.001456
18.840585
15.397678
6.494353
8.071976
8.343887
11.377576
15.831585
12.042238
11.369070
9.358782
5.474717
14.204999
6.352954
11.937444
7.338005
11.823949
9.776234
15.494307
13.242751
11.173104
9.977485
8.897857
9.334660
9.454150
7.793111
14.301700
9.971997
10.799048
6.008241
9.548712
8.637284
9.400283
6.449164
8.688224
11.084054
4.573643
6.867947
12.047742
10.135226
8.801651
15.168197
11.723728
10.447676
12.624014
8.433268
3.200969
9.615385
8.045596
5.805332
7.309206
5.778073
6.499664
12.191545
10.617010
11.764910
10.496205
5.236435
12.562974
8.341792
11.241546
7.030685
11.105224
10.087469
11.120036
9.587212
8.598927
9.943044
10.839207
6.030766
12.525962
12.785852
9.617962
15.614210
7.269847
7.952379
7.412369
12.289166
11.295698
7.935721
17.461803
11.974206
11.457694
9.101896
13.173250
10.034711
8.357029
6.498102
7.915657
7.469183
10.327699
10.831060
6.171168
10.040982
14.054273
10.595397
4.591585
16.813293
9.461608
11.334816
10.115121
6.803333
13.742086
2.957947
8.058902
3.991524
8.398459
5.325421
8.970210
7.638959
11.035175
13.804403
9.952453
10.334122
11.908170
9.994118
11.028494
10.360013
12.047396
10.127865
10.383599
15.232097
6.489932
3.944767
14.051075
13.899877
14.489469
11.910458
7.700863
9.672960
5.563763
13.516765
10.332942
10.057698
11.812834
10.330114
9.222210
9.102336
12.554967
7.183191
13.693625
11.533826
9.921326
9.533202
8.113011
7.179872
7.471220
10.084986
6.944129
6.258541
9.150107
4.270093
12.244278
12.868531
9.941751
16.388274
10.992533
11.724442
12.863066
5.151769
8.813078
7.550832
12.193852
10.369388
15.984889
8.332938
13.985836
9.820653
9.264051
10.531135
3.715075
8.432541
8.598655
9.504199
9.064541
9.503463
8.913820
13.330594
6.813282
6.843474
4.138545
8.395662
7.524430
12.899563
12.024243
8.646874
10.955563
6.346339
5.830711
9.977221
8.640583
8.101806
8.972928
3.905484
10.501372
12.605802
16.848836
13.501359
10.031959
7.110912
11.972293
9.293347
6.832155
10.339441
8.087199
11.578969
10.411463
10.691401
6.140240
10.826783
8.526606
12.010767
9.700876
12.638930
11.795001
7.710156
9.399643
6.282568
6.328003
7.927457
8.023464
8.527982
15.813869
9.111385
15.646358
3.634379
10.273386
11.391155
11.949150
7.718993
12.675584
10.915719
14.396946
7.096463
5.238693
11.345449
11.587510
7.231688
5.302539
5.349752
6.752310
9.634179
8.144453
9.701007
7.168813
7.520212
8.277954
7.296685
8.260663
8.602106
5.735137
10.905301
16.808557
10.440338
7.778456
7.085083
12.569277
16.276273
11.474950
13.367107
10.537994
8.224323
7.165647
4.300477
8.342958
9.366800
9.537731
9.973107
11.518350
9.459831
12.827033
7.626245
7.759991
10.212967
9.392666
5.436901
13.743461
5.646602
12.490909
15.923730
9.908565
14.109223
10.319110
12.685079
10.816649
4.884283
8.818659
13.520808
9.057882
8.521738
13.711163
8.470409
11.071877
8.952637
10.279508
9.224744
12.291064
5.952277
12.330351
12.288075
13.085306
9.566924
4.824305
12.752402
13.414280
9.703200
7.068151
12.740458
11.542362
12.995817
7.839016
6.591940
10.868943
7.500984
13.514926
10.785066
11.901628
12.172552
9.364613
8.560568
10.932473
7.545360
8.706505
5.392794
9.244790
12.724904
9.197169
7.212637
7.982265
9.570743
14.514070
6.368605
10.864368
9.257772
10.995176
7.141369
11.164736
5.551951
5.007938
9.422997
3.685041
11.754487
8.767948
13.297220
12.319740
10.378276
15.519042
12.329214
5.702989
10.053475
12.125305
11.831165
11.999780
12.670230
13.098074
10.512131
10.903950
8.424238
12.503795
9.145673
2.486150
12.008571
10.864972
7.177218
10.149943
11.422669
5.500740
13.891088
6.212237
6.818139
6.824372
11.538169
5.856283
6.262092
11.818658
9.183206
11.319335
12.653411
11.700352
7.624942
15.431616
6.863371
5.010048
16.616217
8.820596
9.152879
7.297038
14.051165
5.890473
14.972412
13.518100
8.985507
14.908704
10.615474
10.058429
12.339974
9.907469
6.130691
14.222111
12.132569
8.933881
11.066447
7.963640
7.846132
6.325760
7.943813
11.239034
14.490896
13.047943
11.174557
11.312991
11.330067
13.261964
14.642560
17.467186
4.269386
10.021152
13.285449
12.029885
10.047822
