starting...
-I- Read magic file  /Users/ltauxe/PmagPy/data_files/3_0/Megiddo/measurements.txt
-I-  tanh parameters for specimen mgh05a01 were calculated successfully
-I-  tanh parameters for specimen mgh05a04 were calculated successfully
-I-  tanh parameters for specimen mgh05a05 were calculated successfully
-I-  tanh parameters for specimen mgh05a06 were calculated successfully
-I-  tanh parameters for specimen mgh05b01 were calculated successfully
-I-  tanh parameters for specimen mgh05b02 were calculated successfully
-I-  tanh parameters for specimen mgh05b03 were calculated successfully
-I-  tanh parameters for specimen mgh05b04 were calculated successfully
-I-  tanh parameters for specimen mgh05b05 were calculated successfully
-I-  tanh parameters for specimen mgh05b06 were calculated successfully
-I-  tanh parameters for specimen mgh05b07 were calculated successfully
-I-  tanh parameters for specimen mgh05d01 were calculated successfully
-I-  tanh parameters for specimen mgh05d02 were calculated successfully
-I-  tanh parameters for specimen mgh05d03 were calculated successfully
-I-  tanh parameters for specimen mgh05d04 were calculated successfully
-I-  tanh parameters for specimen mgh07a01 were calculated successfully
-I-  tanh parameters for specimen mgh07a02 were calculated successfully
-I-  tanh parameters for specimen mgh07a03 were calculated successfully
-I-  tanh parameters for specimen mgh07b01 were calculated successfully
-I-  tanh parameters for specimen mgh07b02 were calculated successfully
-I-  tanh parameters for specimen mgh07b03 were calculated successfully
-I-  tanh parameters for specimen mgh07c01 were calculated successfully
-I-  tanh parameters for specimen mgh07c02 were calculated successfully
-I-  tanh parameters for specimen mgh07c03 were calculated successfully
-I-  tanh parameters for specimen mgk06a01 were calculated successfully
-I-  tanh parameters for specimen mgk06a02 were calculated successfully
-I-  tanh parameters for specimen mgk06a03 were calculated successfully
-I-  tanh parameters for specimen mgk06b03 were calculated successfully
-I-  tanh parameters for specimen mgk06c01 were calculated successfully
-I-  tanh parameters for specimen mgk06c02 were calculated successfully
-I-  tanh parameters for specimen mgk06c03 were calculated successfully
-I- Done calculating non linear TRM parameters for all specimens
-E- ERROR: skipping specimen hz07e5, not enough measurements - moving forward 
-E- ERROR: skipping specimen mgf13b05, not enough measurements - moving forward 
-I- number of specimens in this project directory: 592
-I- number of samples in this project directory: 116
