    4.9    85.8
   11.6    76.5
  216.6    71.6
  253.9    81.9
   39.5    71.0
  107.6    73.9
  145.4    83.8
   98.9    68.9
  350.8    72.5
  285.1    75.5
  273.0    69.7
  355.8    88.8
  280.7    71.4
    7.2    76.3
   47.7    80.8
  262.4    83.1
  204.8    88.2
   59.8    79.9
   50.7    83.9
  270.9    78.0
  105.8    82.3
  138.6    75.7
  226.9    68.6
  175.2    85.6
  290.4    81.6
  161.6    79.7
   42.1    66.0
  299.1    71.7
  214.2    87.5
  342.6    57.0
  160.8    55.3
  240.2    80.7
   98.3    87.2
  277.1    58.5
  233.6    77.8
  216.3    61.6
   80.9    69.8
  128.5    52.2
  306.9    80.7
   76.7    77.5
   23.7    68.8
   25.2    59.0
   61.2    87.4
   60.1    73.5
  120.9    58.1
  148.9    66.5
  121.5    74.5
  181.1    53.3
   39.7    82.5
  128.3    87.4
  315.8    83.7
  243.7    74.2
   43.8    83.4
   90.1    71.1
  305.7    83.7
   49.0    73.0
   11.3    70.3
  131.0    71.7
  272.1    66.5
  255.1    81.5
   80.2    79.9
  122.0    62.8
  331.5    66.7
   54.0    75.4
  200.7    68.4
  131.7    71.0
  291.8    49.6
   94.7    70.8
  355.9    79.7
  339.1    66.2
  266.4    69.4
   85.8    78.9
  354.0    78.4
  190.8    83.9
  194.8    76.1
  312.3    79.0
   79.8    57.3
  257.6    79.8
  287.0    61.7
  202.6    77.0
  149.9    85.0
  161.6    78.3
   58.7    67.7
  345.1    87.1
  143.3    84.9
  193.5    88.5
  258.7    78.4
  113.2    76.9
   32.4    86.1
  325.0    75.7
  221.5    56.0
  139.1    71.7
  314.6    80.4
  199.9    60.4
   85.3    79.8
    8.6    78.5
  144.9    86.3
  127.5    85.5
   77.8    83.2
  181.9    71.3
